<?xml version="1.0" encoding="UTF-8"?>
<coverage generated="1656577429592" clover="3.2.0">
  <project timestamp="1656577429593" name="All files">
    <metrics statements="28" coveredstatements="28" conditionals="9" coveredconditionals="9" methods="1" coveredmethods="1" elements="38" coveredelements="38" complexity="0" loc="28" ncloc="28" packages="1" files="1" classes="1"/>
    <file name="fizzbuzz.js" path="/Users/jacoboj.pedrosa/Projects/SomosCoders/LiceoCoders2022/fizzbuzz2/Fizzbuzz/fizzbuzz.js">
      <metrics statements="28" coveredstatements="28" conditionals="9" coveredconditionals="9" methods="1" coveredmethods="1"/>
      <line num="1" count="11" type="cond" truecount="1" falsecount="0"/>
      <line num="2" count="11" type="stmt"/>
      <line num="3" count="11" type="cond" truecount="1" falsecount="0"/>
      <line num="4" count="2" type="stmt"/>
      <line num="5" count="2" type="stmt"/>
      <line num="6" count="9" type="cond" truecount="1" falsecount="0"/>
      <line num="7" count="11" type="cond" truecount="1" falsecount="0"/>
      <line num="8" count="2" type="stmt"/>
      <line num="9" count="2" type="cond" truecount="1" falsecount="0"/>
      <line num="10" count="7" type="stmt"/>
      <line num="11" count="11" type="cond" truecount="1" falsecount="0"/>
      <line num="12" count="3" type="stmt"/>
      <line num="13" count="3" type="stmt"/>
      <line num="14" count="4" type="cond" truecount="1" falsecount="0"/>
      <line num="15" count="11" type="cond" truecount="1" falsecount="0"/>
      <line num="16" count="3" type="stmt"/>
      <line num="17" count="3" type="stmt"/>
      <line num="18" count="1" type="cond" truecount="1" falsecount="0"/>
      <line num="19" count="1" type="stmt"/>
      <line num="20" count="1" type="stmt"/>
      <line num="21" count="1" type="stmt"/>
      <line num="22" count="1" type="stmt"/>
      <line num="23" count="1" type="stmt"/>
      <line num="24" count="1" type="stmt"/>
      <line num="25" count="1" type="stmt"/>
      <line num="26" count="1" type="stmt"/>
      <line num="27" count="1" type="stmt"/>
      <line num="28" count="1" type="stmt"/>
    </file>
  </project>
</coverage>
